\BOOKMARK [0][-]{chapter*.1}{\376\377\000I\000d\000e\000n\000t\000i\000t\000a\000s\000\040\000M\000a\000t\000a\000\040\000K\000u\000l\000i\000a\000h}{}% 1
\BOOKMARK [0][-]{chapter.1}{\376\377\000B\000a\000b\000\040\0001\000:\000\040\000J\000u\000d\000u\000l\000\040\000B\000a\000b\000\040\000P\000e\000r\000t\000a\000m\000a}{}% 2
\BOOKMARK [1][-]{section.1.1}{\376\377\000P\000e\000n\000d\000a\000h\000u\000l\000u\000a\000n\000\040\000d\000a\000n\000\040\000K\000o\000n\000s\000e\000p\000\040\000D\000a\000s\000a\000r}{chapter.1}% 3
\BOOKMARK [1][-]{section.1.2}{\376\377\000T\000i\000n\000j\000a\000u\000a\000n\000\040\000d\000a\000n\000\040\000C\000o\000n\000t\000o\000h}{chapter.1}% 4
\BOOKMARK [0][-]{chapter.2}{\376\377\000B\000a\000b\000\040\0002\000:\000\040\000J\000u\000d\000u\000l\000\040\000B\000a\000b\000\040\000K\000e\000d\000u\000a}{}% 5
\BOOKMARK [1][-]{section.2.1}{\376\377\000P\000e\000n\000d\000a\000h\000u\000l\000u\000a\000n\000\040\000d\000a\000n\000\040\000K\000o\000n\000s\000e\000p\000\040\000D\000a\000s\000a\000r}{chapter.2}% 6
\BOOKMARK [1][-]{section.2.2}{\376\377\000T\000i\000n\000j\000a\000u\000a\000n\000\040\000d\000a\000n\000\040\000C\000o\000n\000t\000o\000h}{chapter.2}% 7
\BOOKMARK [0][-]{chapter.3}{\376\377\000B\000a\000b\000\040\0003\000:\000\040\000J\000u\000d\000u\000l\000\040\000B\000a\000b\000\040\000K\000e\000t\000i\000g\000a}{}% 8
\BOOKMARK [1][-]{section.3.1}{\376\377\000P\000e\000n\000d\000a\000h\000u\000l\000u\000a\000n\000\040\000d\000a\000n\000\040\000K\000o\000n\000s\000e\000p\000\040\000D\000a\000s\000a\000r}{chapter.3}% 9
\BOOKMARK [1][-]{section.3.2}{\376\377\000T\000i\000n\000j\000a\000u\000a\000n\000\040\000d\000a\000n\000\040\000C\000o\000n\000t\000o\000h}{chapter.3}% 10
\BOOKMARK [0][-]{chapter.4}{\376\377\000B\000a\000b\000\040\0004\000:\000\040\000J\000u\000d\000u\000l\000\040\000B\000a\000b\000\040\000K\000e\000e\000m\000p\000a\000t}{}% 11
\BOOKMARK [1][-]{section.4.1}{\376\377\000P\000e\000n\000d\000a\000h\000u\000l\000u\000a\000n\000\040\000d\000a\000n\000\040\000K\000o\000n\000s\000e\000p\000\040\000D\000a\000s\000a\000r}{chapter.4}% 12
\BOOKMARK [1][-]{section.4.2}{\376\377\000T\000i\000n\000j\000a\000u\000a\000n\000\040\000d\000a\000n\000\040\000C\000o\000n\000t\000o\000h}{chapter.4}% 13
\BOOKMARK [0][-]{chapter.5}{\376\377\000B\000a\000b\000\040\0005\000:\000\040\000J\000u\000d\000u\000l\000\040\000B\000a\000b\000\040\000K\000e\000l\000i\000m\000a}{}% 14
\BOOKMARK [1][-]{section.5.1}{\376\377\000P\000e\000n\000d\000a\000h\000u\000l\000u\000a\000n\000\040\000d\000a\000n\000\040\000K\000o\000n\000s\000e\000p\000\040\000D\000a\000s\000a\000r}{chapter.5}% 15
\BOOKMARK [1][-]{section.5.2}{\376\377\000T\000i\000n\000j\000a\000u\000a\000n\000\040\000d\000a\000n\000\040\000C\000o\000n\000t\000o\000h}{chapter.5}% 16
\BOOKMARK [0][-]{chapter.6}{\376\377\000B\000a\000b\000\040\0006\000:\000\040\000J\000u\000d\000u\000l\000\040\000B\000a\000b\000\040\000K\000e\000e\000n\000a\000m}{}% 17
\BOOKMARK [1][-]{section.6.1}{\376\377\000P\000e\000n\000d\000a\000h\000u\000l\000u\000a\000n\000\040\000d\000a\000n\000\040\000K\000o\000n\000s\000e\000p\000\040\000D\000a\000s\000a\000r}{chapter.6}% 18
\BOOKMARK [1][-]{section.6.2}{\376\377\000T\000i\000n\000j\000a\000u\000a\000n\000\040\000d\000a\000n\000\040\000C\000o\000n\000t\000o\000h}{chapter.6}% 19
\BOOKMARK [0][-]{chapter.7}{\376\377\000B\000a\000b\000\040\0007\000:\000\040\000J\000u\000d\000u\000l\000\040\000B\000a\000b\000\040\000K\000e\000t\000u\000j\000u\000h}{}% 20
\BOOKMARK [1][-]{section.7.1}{\376\377\000P\000e\000n\000d\000a\000h\000u\000l\000u\000a\000n\000\040\000d\000a\000n\000\040\000K\000o\000n\000s\000e\000p\000\040\000D\000a\000s\000a\000r}{chapter.7}% 21
\BOOKMARK [1][-]{section.7.2}{\376\377\000T\000i\000n\000j\000a\000u\000a\000n\000\040\000d\000a\000n\000\040\000C\000o\000n\000t\000o\000h}{chapter.7}% 22
\BOOKMARK [0][-]{chapter.8}{\376\377\000B\000a\000b\000\040\0008\000:\000\040\000J\000u\000d\000u\000l\000\040\000B\000a\000b\000\040\000K\000e\000d\000e\000l\000a\000p\000a\000n}{}% 23
\BOOKMARK [1][-]{section.8.1}{\376\377\000P\000e\000n\000d\000a\000h\000u\000l\000u\000a\000n\000\040\000d\000a\000n\000\040\000K\000o\000n\000s\000e\000p\000\040\000D\000a\000s\000a\000r}{chapter.8}% 24
\BOOKMARK [1][-]{section.8.2}{\376\377\000T\000i\000n\000j\000a\000u\000a\000n\000\040\000d\000a\000n\000\040\000C\000o\000n\000t\000o\000h}{chapter.8}% 25
\BOOKMARK [0][-]{chapter.9}{\376\377\000B\000a\000b\000\040\0009\000:\000\040\000J\000u\000d\000u\000l\000\040\000B\000a\000b\000\040\000K\000e\000s\000e\000m\000b\000i\000l\000a\000n}{}% 26
\BOOKMARK [1][-]{section.9.1}{\376\377\000P\000e\000n\000d\000a\000h\000u\000l\000u\000a\000n\000\040\000d\000a\000n\000\040\000K\000o\000n\000s\000e\000p\000\040\000D\000a\000s\000a\000r}{chapter.9}% 27
\BOOKMARK [1][-]{section.9.2}{\376\377\000T\000i\000n\000j\000a\000u\000a\000n\000\040\000d\000a\000n\000\040\000C\000o\000n\000t\000o\000h}{chapter.9}% 28
\BOOKMARK [0][-]{chapter.10}{\376\377\000B\000a\000b\000\040\0001\0000\000:\000\040\000J\000u\000d\000u\000l\000\040\000B\000a\000b\000\040\000K\000e\000s\000e\000p\000u\000l\000u\000h}{}% 29
\BOOKMARK [1][-]{section.10.1}{\376\377\000P\000e\000n\000d\000a\000h\000u\000l\000u\000a\000n\000\040\000d\000a\000n\000\040\000K\000o\000n\000s\000e\000p\000\040\000D\000a\000s\000a\000r}{chapter.10}% 30
\BOOKMARK [1][-]{section.10.2}{\376\377\000T\000i\000n\000j\000a\000u\000a\000n\000\040\000d\000a\000n\000\040\000C\000o\000n\000t\000o\000h}{chapter.10}% 31
\BOOKMARK [0][-]{chapter.11}{\376\377\000B\000a\000b\000\040\0001\0001\000:\000\040\000J\000u\000d\000u\000l\000\040\000B\000a\000b\000\040\000K\000e\000s\000e\000b\000e\000l\000a\000s}{}% 32
\BOOKMARK [1][-]{section.11.1}{\376\377\000P\000e\000n\000d\000a\000h\000u\000l\000u\000a\000n\000\040\000d\000a\000n\000\040\000K\000o\000n\000s\000e\000p\000\040\000D\000a\000s\000a\000r}{chapter.11}% 33
\BOOKMARK [1][-]{section.11.2}{\376\377\000T\000i\000n\000j\000a\000u\000a\000n\000\040\000d\000a\000n\000\040\000C\000o\000n\000t\000o\000h}{chapter.11}% 34
\BOOKMARK [0][-]{chapter.12}{\376\377\000B\000a\000b\000\040\0001\0002\000:\000\040\000J\000u\000d\000u\000l\000\040\000B\000a\000b\000\040\000K\000e\000d\000u\000a\000b\000e\000l\000a\000s}{}% 35
\BOOKMARK [1][-]{section.12.1}{\376\377\000P\000e\000n\000d\000a\000h\000u\000l\000u\000a\000n\000\040\000d\000a\000n\000\040\000K\000o\000n\000s\000e\000p\000\040\000D\000a\000s\000a\000r}{chapter.12}% 36
\BOOKMARK [1][-]{section.12.2}{\376\377\000T\000i\000n\000j\000a\000u\000a\000n\000\040\000d\000a\000n\000\040\000C\000o\000n\000t\000o\000h}{chapter.12}% 37
\BOOKMARK [0][-]{chapter.13}{\376\377\000B\000a\000b\000\040\0001\0003\000:\000\040\000J\000u\000d\000u\000l\000\040\000B\000a\000b\000\040\000K\000e\000t\000i\000g\000a\000b\000e\000l\000a\000s}{}% 38
\BOOKMARK [1][-]{section.13.1}{\376\377\000P\000e\000n\000d\000a\000h\000u\000l\000u\000a\000n\000\040\000d\000a\000n\000\040\000K\000o\000n\000s\000e\000p\000\040\000D\000a\000s\000a\000r}{chapter.13}% 39
\BOOKMARK [1][-]{section.13.2}{\376\377\000T\000i\000n\000j\000a\000u\000a\000n\000\040\000d\000a\000n\000\040\000C\000o\000n\000t\000o\000h}{chapter.13}% 40
\BOOKMARK [0][-]{chapter*.6}{\376\377\000D\000a\000f\000t\000a\000r\000\040\000P\000u\000s\000t\000a\000k\000a}{}% 41
